OpenSSH_8.2p1 Ubuntu-4ubuntu0.3, OpenSSL 1.1.1f  31 Mar 2020
debug1: Reading configuration data /dev/null
debug1: Connecting to localhost [127.0.0.1] port 60594.
debug1: fd 3 clearing O_NONBLOCK
debug1: Connection established.
debug1: identity file /home/tlyu/dfs-fuzzing/kernel-5.15/debian-image/stretch.id_rsa type 0
debug1: identity file /home/tlyu/dfs-fuzzing/kernel-5.15/debian-image/stretch.id_rsa-cert type -1
debug1: Local version string SSH-2.0-OpenSSH_8.2p1 Ubuntu-4ubuntu0.3
debug1: Remote protocol version 2.0, remote software version OpenSSH_7.4p1 Debian-10+deb9u7
debug1: match: OpenSSH_7.4p1 Debian-10+deb9u7 pat OpenSSH_7.0*,OpenSSH_7.1*,OpenSSH_7.2*,OpenSSH_7.3*,OpenSSH_7.4*,OpenSSH_7.5*,OpenSSH_7.6*,OpenSSH_7.7* compat 0x04000002
debug1: Authenticating to localhost:60594 as 'root'
debug1: SSH2_MSG_KEXINIT sent
debug1: SSH2_MSG_KEXINIT received
debug1: kex: algorithm: curve25519-sha256
debug1: kex: host key algorithm: ecdsa-sha2-nistp256
debug1: kex: server->client cipher: chacha20-poly1305@openssh.com MAC: <implicit> compression: none
debug1: kex: client->server cipher: chacha20-poly1305@openssh.com MAC: <implicit> compression: none
debug1: expecting SSH2_MSG_KEX_ECDH_REPLY
debug1: Server host key: ecdsa-sha2-nistp256 SHA256:/2ma+ybxALMEiRYDMo2mOi3XJlQjFQSZKCAsb80dUeY
debug1: checking without port identifier
Warning: Permanently added '[localhost]:60594' (ECDSA) to the list of known hosts.
debug1: rekey out after 134217728 blocks
debug1: SSH2_MSG_NEWKEYS sent
debug1: expecting SSH2_MSG_NEWKEYS
debug1: SSH2_MSG_NEWKEYS received
debug1: rekey in after 134217728 blocks
debug1: Will attempt key: /home/tlyu/dfs-fuzzing/kernel-5.15/debian-image/stretch.id_rsa RSA SHA256:7x+KeoQnH24soaojyIuG2A7f9kavoT9m4xoOmVUM2s0 explicit
debug1: SSH2_MSG_EXT_INFO received
debug1: kex_input_ext_info: server-sig-algs=<ssh-ed25519,ssh-rsa,ssh-dss,ecdsa-sha2-nistp256,ecdsa-sha2-nistp384,ecdsa-sha2-nistp521>
debug1: SSH2_MSG_SERVICE_ACCEPT received
debug1: Authentications that can continue: publickey,password
debug1: Next authentication method: publickey
debug1: Offering public key: /home/tlyu/dfs-fuzzing/kernel-5.15/debian-image/stretch.id_rsa RSA SHA256:7x+KeoQnH24soaojyIuG2A7f9kavoT9m4xoOmVUM2s0 explicit
debug1: Server accepts key: /home/tlyu/dfs-fuzzing/kernel-5.15/debian-image/stretch.id_rsa RSA SHA256:7x+KeoQnH24soaojyIuG2A7f9kavoT9m4xoOmVUM2s0 explicit
debug1: Authentication succeeded (publickey).
Authenticated to localhost ([127.0.0.1]:60594).
debug1: channel 0: new [client-session]
debug1: Requesting no-more-sessions@openssh.com
debug1: Entering interactive session.
debug1: pledge: network
debug1: client_input_global_request: rtype hostkeys-00@openssh.com want_reply 0
debug1: Sending command: cd / && /syz-execprog -executor=/syz-executor -arch=amd64 -sandbox=none -procs=1 -repeat=1 -threaded=false -collide=false -cover=0 -optional=slowdown=1 /syzkaller738293850
2021/12/07 17:25:07 parsed 1 programs
[  189.689054] cgroup: Unknown subsys name 'net'
[  189.689386] cgroup: Unknown subsys name 'net_prio'
[  189.690079] cgroup: Unknown subsys name 'devices'
[  189.690673] cgroup: Unknown subsys name 'blkio'
[  189.691914] cgroup: Unknown subsys name 'hugetlb'
[  189.692335] cgroup: Unknown subsys name 'rlimit'
ioutil /syzkaller-testdir150765392
2021/12/07 17:25:07 executed programs: 0
[  189.711873] audit: type=1400 audit(1638897907.415:8): avc:  denied  { execmem } for  pid=424 comm="syz-executor" scontext=system_u:system_r:kernel_t:s0 tcontext=system_u:system_r:kernel_t:s0 tclass=process permissive=1
[  190.312111] ==================================================================
[  190.312596] BUG: KASAN: null-ptr-deref in nfs4_select_rw_stateid+0x3d/0x770
[  190.313046] Read of size 8 at addr 0000000000000040 by task syz-executor/875
[  190.313521] 
[  190.313715] CPU: 1 PID: 875 Comm: syz-executor Not tainted 5.15.0 #1
[  190.314609] Hardware name: QEMU Standard PC (i440FX + PIIX, 1996), BIOS 1.13.0-1ubuntu1.1 04/01/2014
[  190.315458] Call Trace:
[  190.315669]  dump_stack_lvl+0x6e/0x91
[  190.315979]  kasan_report.cold+0x116/0x11b
[  190.316326]  ? nfs4_select_rw_stateid+0x3d/0x770
[  190.316634]  kasan_check_range+0x17c/0x1e0
[  190.316912]  nfs4_select_rw_stateid+0x3d/0x770
[  190.317210]  ? entry_SYSCALL_64_after_hwframe+0x44/0xae
[  190.317556]  _nfs42_proc_llseek+0x217/0x4d0
[  190.317834]  ? nfs42_do_offload_cancel_async+0x4e0/0x4e0
[  190.318184]  ? __sanitizer_cov_trace_pc+0x1a/0x50
[  190.318497]  ? prepend.isra.0+0xd1/0x1f0
[  190.318760]  ? _raw_spin_lock+0x75/0xd0
[  190.319018]  ? _raw_read_lock_irq+0x30/0x30
[  190.319300]  ? kasan_set_track+0x1c/0x30
[  190.319563]  nfs42_proc_llseek+0x255/0x340
[  190.319837]  ? nfs42_proc_copy_notify+0x800/0x800
[  190.320151]  ? dentry_path_raw+0x110/0x110
[  190.320425]  ? do_sys_open+0xc3/0x140
[  190.320671]  ? __ia32_sys_futex_time32+0x470/0x470
[  190.320991]  nfs4_file_llseek+0x65/0x90
[  190.321248]  ? nfs4_file_open+0x770/0x770
[  190.321514]  ksys_lseek+0x10b/0x1a0
[  190.321749]  do_syscall_64+0x38/0x90
[  190.321990]  entry_SYSCALL_64_after_hwframe+0x44/0xae
[  190.322312] RIP: 0033:0x7f556814944d
[  190.322549] Code: 02 b8 ff ff ff ff c3 66 0f 1f 44 00 00 f3 0f 1e fa 48 89 f8 48 89 f7 48 89 d6 48 89 ca 4d 89 c2 4d 89 c8 4c 8b 4c 24 08 0f 05 <48> 3d 01 f0 ff ff 73 01 c3 48 c7 c1 b8 ff ff ff f7 d8 64 89 01 48
[  190.323709] RSP: 002b:00007ffe6672b058 EFLAGS: 00000212 ORIG_RAX: 0000000000000008
[  190.324196] RAX: ffffffffffffffda RBX: 00007f55681b1879 RCX: 00007f556814944d
[  190.324775] RDX: 0000000000000004 RSI: 0000000000000009 RDI: 0000000000000005
[  190.325349] RBP: 00007ffe6672b090 R08: 0000000000000000 R09: 0000000000000000
[  190.325928] R10: 0000000000000000 R11: 0000000000000212 R12: 00007f55680f00d0
[  190.326502] R13: 0000000000000000 R14: 0000000000000000 R15: 0000000000000000
[  190.327077] ==================================================================
[  190.327656] Disabling lock debugging due to kernel taint
[  190.328128] general protection fault, probably for non-canonical address 0xdffffc0000000008: 0000 [#1] SMP KASAN NOPTI
[  190.328993] KASAN: null-ptr-deref in range [0x0000000000000040-0x0000000000000047]
[  190.329480] CPU: 1 PID: 875 Comm: syz-executor Tainted: G    B             5.15.0 #1
[  190.329976] Hardware name: QEMU Standard PC (i440FX + PIIX, 1996), BIOS 1.13.0-1ubuntu1.1 04/01/2014
[  190.330551] RIP: 0010:nfs4_select_rw_stateid+0x4e/0x770
[  190.330893] Code: 24 14 4c 89 44 24 18 e8 e0 08 7c ff be 08 00 00 00 4c 89 ff e8 93 17 a6 ff 4c 89 fa 48 b8 00 00 00 00 00 fc ff df 48 c1 ea 03 <80> 3c 02 00 0f 85 6a 06 00 00 48 8b 43 40 31 ff 48 c1 e8 09 41 89
[  190.332060] RSP: 0018:ffff8881102d7be0 EFLAGS: 00010202
[  190.332404] RAX: dffffc0000000000 RBX: 0000000000000000 RCX: ffff8881102e8000
[  190.332859] RDX: 0000000000000008 RSI: 0000000000000246 RDI: ffffffffaf64f8c8
[  190.333435] RBP: ffff8881102d7c30 R08: 0000000000000000 R09: 0000000000000000
[  190.334009] R10: 0000000000000007 R11: fffffbfff5ebef60 R12: ffff888104d8e480
[  190.334583] R13: ffff8881102d7d58 R14: ffff88811475dc20 R15: 0000000000000040
[  190.335157] FS:  0000555555604980(0000) GS:ffff888265280000(0000) knlGS:0000000000000000
[  190.335810] CS:  0010 DS: 0000 ES: 0000 CR0: 0000000080050033
[  190.336278] CR2: 00007f5568259008 CR3: 000000010da3a003 CR4: 0000000000770ee0
[  190.336857] PKRU: 55555554
[  190.337083] Call Trace:
[  190.337289]  ? entry_SYSCALL_64_after_hwframe+0x44/0xae
[  190.337719]  _nfs42_proc_llseek+0x217/0x4d0
[  190.338067]  ? nfs42_do_offload_cancel_async+0x4e0/0x4e0
[  190.338505]  ? __sanitizer_cov_trace_pc+0x1a/0x50
[  190.338897]  ? prepend.isra.0+0xd1/0x1f0
[  190.339222]  ? _raw_spin_lock+0x75/0xd0
[  190.339548]  ? _raw_read_lock_irq+0x30/0x30
[  190.339895]  ? kasan_set_track+0x1c/0x30
[  190.340227]  nfs42_proc_llseek+0x255/0x340
[  190.340568]  ? nfs42_proc_copy_notify+0x800/0x800
[  190.340958]  ? dentry_path_raw+0x110/0x110
[  190.341297]  ? do_sys_open+0xc3/0x140
[  190.341601]  ? __ia32_sys_futex_time32+0x470/0x470
[  190.341995]  nfs4_file_llseek+0x65/0x90
[  190.342313]  ? nfs4_file_open+0x770/0x770
[  190.342648]  ksys_lseek+0x10b/0x1a0
[  190.342941]  do_syscall_64+0x38/0x90
[  190.343241]  entry_SYSCALL_64_after_hwframe+0x44/0xae
[  190.343658] RIP: 0033:0x7f556814944d
[  190.343952] Code: 02 b8 ff ff ff ff c3 66 0f 1f 44 00 00 f3 0f 1e fa 48 89 f8 48 89 f7 48 89 d6 48 89 ca 4d 89 c2 4d 89 c8 4c 8b 4c 24 08 0f 05 <48> 3d 01 f0 ff ff 73 01 c3 48 c7 c1 b8 ff ff ff f7 d8 64 89 01 48
[  190.345442] RSP: 002b:00007ffe6672b058 EFLAGS: 00000212 ORIG_RAX: 0000000000000008
[  190.346053] RAX: ffffffffffffffda RBX: 00007f55681b1879 RCX: 00007f556814944d
[  190.346630] RDX: 0000000000000004 RSI: 0000000000000009 RDI: 0000000000000005
[  190.347201] RBP: 00007ffe6672b090 R08: 0000000000000000 R09: 0000000000000000
[  190.347774] R10: 0000000000000000 R11: 0000000000000212 R12: 00007f55680f00d0
[  190.348352] R13: 0000000000000000 R14: 0000000000000000 R15: 0000000000000000
[  190.348928] Modules linked in:
[  190.349207] ---[ end trace a108b00f339c7aab ]---
[  190.349596] RIP: 0010:nfs4_select_rw_stateid+0x4e/0x770
[  190.350027] Code: 24 14 4c 89 44 24 18 e8 e0 08 7c ff be 08 00 00 00 4c 89 ff e8 93 17 a6 ff 4c 89 fa 48 b8 00 00 00 00 00 fc ff df 48 c1 ea 03 <80> 3c 02 00 0f 85 6a 06 00 00 48 8b 43 40 31 ff 48 c1 e8 09 41 89
[  190.351528] RSP: 0018:ffff8881102d7be0 EFLAGS: 00010202
[  190.351956] RAX: dffffc0000000000 RBX: 0000000000000000 RCX: ffff8881102e8000
[  190.352561] RDX: 0000000000000008 RSI: 0000000000000246 RDI: ffffffffaf64f8c8
[  190.353136] RBP: ffff8881102d7c30 R08: 0000000000000000 R09: 0000000000000000
[  190.353724] R10: 0000000000000007 R11: fffffbfff5ebef60 R12: ffff888104d8e480
[  190.354298] R13: ffff8881102d7d58 R14: ffff88811475dc20 R15: 0000000000000040
[  190.354893] FS:  0000555555604980(0000) GS:ffff888265280000(0000) knlGS:0000000000000000
[  190.355558] CS:  0010 DS: 0000 ES: 0000 CR0: 0000000080050033
[  190.356024] CR2: 00007f5568259008 CR3: 000000010da3a003 CR4: 0000000000770ee0
[  190.356614] PKRU: 55555554
debug1: client_input_channel_req: channel 0 rtype exit-status reply 0
debug1: channel 0: free: client-session, nchannels 1
debug1: fd 0 clearing O_NONBLOCK
debug1: fd 2 clearing O_NONBLOCK
Transferred: sent 3368, received 2812 bytes, in 0.8 seconds
Bytes per second: sent 3974.8, received 3318.6
debug1: Exit status 0

VM DIAGNOSIS:
22:08:40  Registers:
info registers vcpu 0
RAX=ffffffffad7ba840 RBX=ffffffffae41c200 RCX=ffffffffad7a3866 RDX=ffff88826522e7e0
RSI=0000000000000004 RDI=000000000000846a RBP=0000000000000000 RSP=ffffffffae407e30
R8 =0000000000000001 R9 =ffffed104ca45cfd R10=ffff88826522e7e3 R11=ffffed104ca45cfc
R12=0000000000000000 R13=ffffffffaebfd650 R14=0000000000000000 R15=0000000000000000
RIP=ffffffffad7ba84b RFL=00000206 [-----P-] CPL=0 II=0 A20=1 SMM=0 HLT=1
ES =0000 0000000000000000 ffffffff 00c00000
CS =0010 0000000000000000 ffffffff 00a09b00 DPL=0 CS64 [-RA]
SS =0018 0000000000000000 ffffffff 00c09300 DPL=0 DS   [-WA]
DS =0000 0000000000000000 ffffffff 00c00000
FS =0000 0000000000000000 ffffffff 00c00000
GS =0000 ffff888265200000 ffffffff 00c00000
LDT=0000 0000000000000000 000fffff 00000000
TR =0040 fffffe0000003000 00004087 00008b00 DPL=0 TSS64-busy
GDT=     fffffe0000001000 0000007f
IDT=     fffffe0000000000 00000fff
CR0=80050033 CR2=0000001b2e420000 CR3=00000001050e2005 CR4=00770ef0
DR0=0000000000000000 DR1=0000000000000000 DR2=0000000000000000 DR3=0000000000000000 
DR6=00000000ffff0ff0 DR7=0000000000000400
EFER=0000000000000d01
FCW=037f FSW=0000 [ST=0] FTW=00 MXCSR=00001f80
FPR0=0000000000000000 0000 FPR1=0000000000000000 0000
FPR2=0000000000000000 0000 FPR3=0000000000000000 0000
FPR4=0000000000000000 0000 FPR5=0000000000000000 0000
FPR6=0000000000000000 0000 FPR7=0000000000000000 0000
XMM00=00000000000f42400000000000000000 XMM01=000000000000000000000000000f4240
XMM02=00524f52524500400000000000000000 XMM03=00000000000000000000000000000000
XMM04=000000000000000000000000000000ff XMM05=00000000000000000000000000000000
XMM06=0000000000000000000000524f525245 XMM07=00000000000000000000000000000000
XMM08=000000000000000000524f5252450040 XMM09=00000000000000000000000000000000
XMM10=00000000000000000000000000000000 XMM11=00000000000000000000000000000000
XMM12=00000000000000000000000000000000 XMM13=00000000000000000000000000000000
XMM14=00000000000000000000000000000000 XMM15=00000000000000000000000000000000
info registers vcpu 1
RAX=000000000000007a RBX=00000000000003f8 RCX=0000000000000000 RDX=00000000000003f8
RSI=ffff8881102e8000 RDI=ffffffffaf68a488 RBP=ffffffffaf68a480 RSP=ffff8881102d76d8
R8 =ffffffffabdba151 R9 =0000000000000000 R10=0000000000000005 R11=ffffed102205aedb
R12=000000000000007a R13=000000000000007a R14=ffffffffaf68a480 R15=dffffc0000000000
RIP=ffffffffabdba1a8 RFL=00000002 [-------] CPL=0 II=0 A20=1 SMM=0 HLT=0
ES =0000 0000000000000000 ffffffff 00c00000
CS =0010 0000000000000000 ffffffff 00a09b00 DPL=0 CS64 [-RA]
SS =0018 0000000000000000 ffffffff 00c09300 DPL=0 DS   [-WA]
DS =0000 0000000000000000 ffffffff 00c00000
FS =0000 0000555555604980 ffffffff 00c00000
GS =0000 ffff888265280000 ffffffff 00c00000
LDT=0000 0000000000000000 000fffff 00000000
TR =0040 fffffe000003e000 00004087 00008b00 DPL=0 TSS64-busy
GDT=     fffffe000003c000 0000007f
IDT=     fffffe0000000000 00000fff
CR0=80050033 CR2=00007f5568259008 CR3=000000010da3a003 CR4=00770ee0
DR0=0000000000000000 DR1=0000000000000000 DR2=0000000000000000 DR3=0000000000000000 
DR6=00000000ffff0ff0 DR7=0000000000000400
EFER=0000000000000d01
FCW=037f FSW=0000 [ST=0] FTW=00 MXCSR=00001f80
FPR0=0000000000000000 0000 FPR1=0000000000000000 0000
FPR2=0000000000000000 0000 FPR3=0000000000000000 0000
FPR4=0000000000000000 0000 FPR5=0000000000000000 0000
FPR6=0000000000000000 0000 FPR7=0000000000000000 0000
XMM00=00ff0000000000ff0000000000000000 XMM01=6c006b6565736c00727474617865766f
XMM02=00010000000000000000000000000000 XMM03=00000000000000000000000000000000
XMM04=ffffffffffffffffffffffff00000000 XMM05=00000000000000000000000000000000
XMM06=0000000000000000000000524f525245 XMM07=00000000000000000000000000000000
XMM08=000000000000000000524f5252450040 XMM09=00000000000000000000000000000000
XMM10=00000000000000000000000000000000 XMM11=00000000000000000000000000000000
XMM12=00000000000000000000000000000000 XMM13=00000000000000000000000000000000
XMM14=00000000000000000000000000000000 XMM15=00000000000000000000000000000000
info registers vcpu 2
RAX=ffffffffad7ba840 RBX=ffff8881002f2d00 RCX=ffffffffad7a3866 RDX=ffff88826532e7e0
RSI=0000000000000004 RDI=0000000000008cd4 RBP=0000000000000002 RSP=ffff88810030fe68
R8 =0000000000000001 R9 =ffffed104ca65cfd R10=ffff88826532e7e3 R11=ffffed104ca65cfc
R12=0000000000000002 R13=ffffffffaebfd650 R14=0000000000000000 R15=0000000000000000
RIP=ffffffffad7ba84b RFL=00000206 [-----P-] CPL=0 II=0 A20=1 SMM=0 HLT=1
ES =0000 0000000000000000 ffffffff 00c00000
CS =0010 0000000000000000 ffffffff 00a09b00 DPL=0 CS64 [-RA]
SS =0018 0000000000000000 ffffffff 00c09300 DPL=0 DS   [-WA]
DS =0000 0000000000000000 ffffffff 00c00000
FS =0000 0000000000000000 ffffffff 00c00000
GS =0000 ffff888265300000 ffffffff 00c00000
LDT=0000 0000000000000000 000fffff 00000000
TR =0040 fffffe0000079000 00004087 00008b00 DPL=0 TSS64-busy
GDT=     fffffe0000077000 0000007f
IDT=     fffffe0000000000 00000fff
CR0=80050033 CR2=000055810c530898 CR3=00000001050e2006 CR4=00770ee0
DR0=0000000000000000 DR1=0000000000000000 DR2=0000000000000000 DR3=0000000000000000 
DR6=00000000ffff0ff0 DR7=0000000000000400
EFER=0000000000000d01
FCW=037f FSW=0000 [ST=0] FTW=00 MXCSR=00001f80
FPR0=0000000000000000 0000 FPR1=0000000000000000 0000
FPR2=0000000000000000 0000 FPR3=0000000000000000 0000
FPR4=0000000000000000 0000 FPR5=0000000000000000 0000
FPR6=0000000000000000 0000 FPR7=0000000000000000 0000
XMM00=00000000000f42400000000000000000 XMM01=000000000000000000000000000f4240
XMM02=00524f52524500400000000000000000 XMM03=00000000000000000000000000000000
XMM04=000000000000000000000000000000ff XMM05=00000000000000000000000000000000
XMM06=0000000000000000000000524f525245 XMM07=00000000000000000000000000000000
XMM08=000000000000000000524f5252450040 XMM09=00000000000000000000000000000000
XMM10=00000000000000000000000000000000 XMM11=00000000000000000000000000000000
XMM12=00000000000000000000000000000000 XMM13=00000000000000000000000000000000
XMM14=00000000000000000000000000000000 XMM15=00000000000000000000000000000000
info registers vcpu 3
RAX=ffffffffad7ba840 RBX=ffff8881002f4380 RCX=ffffffffad7a3866 RDX=ffff8882653ae7e0
RSI=0000000000000004 RDI=0000000000006fac RBP=0000000000000003 RSP=ffff888100317e68
R8 =0000000000000001 R9 =ffffed104ca75cfd R10=ffff8882653ae7e3 R11=ffffed104ca75cfc
R12=0000000000000003 R13=ffffffffaebfd650 R14=0000000000000000 R15=0000000000000000
RIP=ffffffffad7ba84b RFL=00000206 [-----P-] CPL=0 II=0 A20=1 SMM=0 HLT=1
ES =0000 0000000000000000 ffffffff 00c00000
CS =0010 0000000000000000 ffffffff 00a09b00 DPL=0 CS64 [-RA]
SS =0018 0000000000000000 ffffffff 00c09300 DPL=0 DS   [-WA]
DS =0000 0000000000000000 ffffffff 00c00000
FS =0000 0000000000000000 ffffffff 00c00000
GS =0000 ffff888265380000 ffffffff 00c00000
LDT=0000 0000000000000000 000fffff 00000000
TR =0040 fffffe00000b4000 00004087 00008b00 DPL=0 TSS64-busy
GDT=     fffffe00000b2000 0000007f
IDT=     fffffe0000000000 00000fff
CR0=80050033 CR2=000055810c544650 CR3=00000000b7e10003 CR4=00770ee0
DR0=0000000000000000 DR1=0000000000000000 DR2=0000000000000000 DR3=0000000000000000 
DR6=00000000ffff0ff0 DR7=0000000000000400
EFER=0000000000000d01
FCW=037f FSW=0000 [ST=0] FTW=00 MXCSR=00009fc0
FPR0=0000000000000000 0000 FPR1=0000000000000000 0000
FPR2=0000000000000000 0000 FPR3=0000000000000000 0000
FPR4=0000000000000000 0000 FPR5=0000000000000000 0000
FPR6=0000000000000000 0000 FPR7=0000000000000000 0000
XMM00=ffffffffffffffffffffffffffffffff XMM01=00000000000000000000000000000000
XMM02=00000000000000000000000000000000 XMM03=00000000000000000000000000000000
XMM04=ffff000000000000ff00000000000000 XMM05=762f736563697665642f3d4854415056
XMM06=6f6f6c2f6b636f6c622f6c6175747269 XMM07=6f6c623d4d4554535953425553003070
XMM08=00000000000000400000000000000000 XMM09=6464644664646464646431e56fb85054
XMM10=64646464646464456464646464646424 XMM11=00000000000000000000000000000000
XMM12=00000000000000000000000000000000 XMM13=00000000000000000000000000000000
XMM14=00000000000000000000000000000000 XMM15=00000000000000000000000000000000
